{"C:\\Users\\JEYASEELAN\\Desktop\\todo\\_temp\\Intro.js": {"path":"C:\\Users\\JEYASEELAN\\Desktop\\todo\\_temp\\Intro.js","statementMap":{"0":{"start":{"line":6,"column":4},"end":{"line":13,"column":6}},"1":{"start":{"line":17,"column":15},"end":{"line":34,"column":2}}},"fnMap":{"0":{"name":"(anonymous_0)","decl":{"start":{"line":5,"column":2},"end":{"line":5,"column":3}},"loc":{"start":{"line":5,"column":11},"end":{"line":14,"column":3}},"line":5}},"branchMap":{},"s":{"0":2,"1":1},"f":{"0":2},"b":{},"_coverageSchema":"1a1c01bbd47fc00a2c39e90264f33305004495a9","hash":"79b5edd2921aec9d28a294d4038ec269f5615c62"}
}
