{"C:\\Users\\JEYASEELAN\\Desktop\\todo\\AnyTODO\\asserts\\images\\addTask.png": {"path":"C:\\Users\\JEYASEELAN\\Desktop\\todo\\AnyTODO\\asserts\\images\\addTask.png","statementMap":{"0":{"start":{"line":1,"column":0},"end":{"line":4,"column":6}}},"fnMap":{},"branchMap":{},"s":{"0":2},"f":{},"b":{},"_coverageSchema":"1a1c01bbd47fc00a2c39e90264f33305004495a9","hash":"28f357511583a41c4b0cd0a85a49c4878083ce2f"}
,"C:\\Users\\JEYASEELAN\\Desktop\\todo\\AnyTODO\\asserts\\images\\background.jpg": {"path":"C:\\Users\\JEYASEELAN\\Desktop\\todo\\AnyTODO\\asserts\\images\\background.jpg","statementMap":{"0":{"start":{"line":1,"column":0},"end":{"line":4,"column":6}}},"fnMap":{},"branchMap":{},"s":{"0":2},"f":{},"b":{},"_coverageSchema":"1a1c01bbd47fc00a2c39e90264f33305004495a9","hash":"f6eefea4355d595e91fe96fcefd10d34e2c1802d"}
,"C:\\Users\\JEYASEELAN\\Desktop\\todo\\AnyTODO\\asserts\\images\\calender-Logo.png": {"path":"C:\\Users\\JEYASEELAN\\Desktop\\todo\\AnyTODO\\asserts\\images\\calender-Logo.png","statementMap":{"0":{"start":{"line":1,"column":0},"end":{"line":4,"column":6}}},"fnMap":{},"branchMap":{},"s":{"0":2},"f":{},"b":{},"_coverageSchema":"1a1c01bbd47fc00a2c39e90264f33305004495a9","hash":"4ce89a5c83f28f17eb81875399fe2993220f4c05"}
,"C:\\Users\\JEYASEELAN\\Desktop\\todo\\AnyTODO\\asserts\\images\\calender.png": {"path":"C:\\Users\\JEYASEELAN\\Desktop\\todo\\AnyTODO\\asserts\\images\\calender.png","statementMap":{"0":{"start":{"line":1,"column":0},"end":{"line":4,"column":6}}},"fnMap":{},"branchMap":{},"s":{"0":2},"f":{},"b":{},"_coverageSchema":"1a1c01bbd47fc00a2c39e90264f33305004495a9","hash":"5858ed9f5d2bdf8ab1d6c4811427801effbe91df"}
,"C:\\Users\\JEYASEELAN\\Desktop\\todo\\AnyTODO\\asserts\\images\\checked.png": {"path":"C:\\Users\\JEYASEELAN\\Desktop\\todo\\AnyTODO\\asserts\\images\\checked.png","statementMap":{"0":{"start":{"line":1,"column":0},"end":{"line":4,"column":6}}},"fnMap":{},"branchMap":{},"s":{"0":2},"f":{},"b":{},"_coverageSchema":"1a1c01bbd47fc00a2c39e90264f33305004495a9","hash":"ab474f552614946652daf335123f55f14e0c0a2d"}
,"C:\\Users\\JEYASEELAN\\Desktop\\todo\\AnyTODO\\asserts\\images\\clock.png": {"path":"C:\\Users\\JEYASEELAN\\Desktop\\todo\\AnyTODO\\asserts\\images\\clock.png","statementMap":{"0":{"start":{"line":1,"column":0},"end":{"line":4,"column":6}}},"fnMap":{},"branchMap":{},"s":{"0":2},"f":{},"b":{},"_coverageSchema":"1a1c01bbd47fc00a2c39e90264f33305004495a9","hash":"dad2562319dc5f65829a27d6f671d582ca78eb26"}
,"C:\\Users\\JEYASEELAN\\Desktop\\todo\\AnyTODO\\asserts\\images\\close.png": {"path":"C:\\Users\\JEYASEELAN\\Desktop\\todo\\AnyTODO\\asserts\\images\\close.png","statementMap":{"0":{"start":{"line":1,"column":0},"end":{"line":4,"column":6}}},"fnMap":{},"branchMap":{},"s":{"0":2},"f":{},"b":{},"_coverageSchema":"1a1c01bbd47fc00a2c39e90264f33305004495a9","hash":"f74e447ecf5820547c990e45f8a2cedd587a1fc1"}
,"C:\\Users\\JEYASEELAN\\Desktop\\todo\\AnyTODO\\asserts\\images\\closeBlack.png": {"path":"C:\\Users\\JEYASEELAN\\Desktop\\todo\\AnyTODO\\asserts\\images\\closeBlack.png","statementMap":{"0":{"start":{"line":1,"column":0},"end":{"line":4,"column":6}}},"fnMap":{},"branchMap":{},"s":{"0":2},"f":{},"b":{},"_coverageSchema":"1a1c01bbd47fc00a2c39e90264f33305004495a9","hash":"a770a89ca6e500a1258c86933afb1d1199f3adc6"}
,"C:\\Users\\JEYASEELAN\\Desktop\\todo\\AnyTODO\\asserts\\images\\closeBtn.png": {"path":"C:\\Users\\JEYASEELAN\\Desktop\\todo\\AnyTODO\\asserts\\images\\closeBtn.png","statementMap":{"0":{"start":{"line":1,"column":0},"end":{"line":4,"column":6}}},"fnMap":{},"branchMap":{},"s":{"0":2},"f":{},"b":{},"_coverageSchema":"1a1c01bbd47fc00a2c39e90264f33305004495a9","hash":"c6fde5cba99d562f2ea35997a491743251c1a044"}
,"C:\\Users\\JEYASEELAN\\Desktop\\todo\\AnyTODO\\asserts\\images\\customize.png": {"path":"C:\\Users\\JEYASEELAN\\Desktop\\todo\\AnyTODO\\asserts\\images\\customize.png","statementMap":{"0":{"start":{"line":1,"column":0},"end":{"line":4,"column":6}}},"fnMap":{},"branchMap":{},"s":{"0":2},"f":{},"b":{},"_coverageSchema":"1a1c01bbd47fc00a2c39e90264f33305004495a9","hash":"ef0e17d2bc08e46d6c7b04b329febe65539b2a54"}
,"C:\\Users\\JEYASEELAN\\Desktop\\todo\\AnyTODO\\asserts\\images\\delete.png": {"path":"C:\\Users\\JEYASEELAN\\Desktop\\todo\\AnyTODO\\asserts\\images\\delete.png","statementMap":{"0":{"start":{"line":1,"column":0},"end":{"line":4,"column":6}}},"fnMap":{},"branchMap":{},"s":{"0":2},"f":{},"b":{},"_coverageSchema":"1a1c01bbd47fc00a2c39e90264f33305004495a9","hash":"4743ef55e78bdc8c992acb989a21d2b6192a18a5"}
,"C:\\Users\\JEYASEELAN\\Desktop\\todo\\AnyTODO\\asserts\\images\\description.png": {"path":"C:\\Users\\JEYASEELAN\\Desktop\\todo\\AnyTODO\\asserts\\images\\description.png","statementMap":{"0":{"start":{"line":1,"column":0},"end":{"line":4,"column":6}}},"fnMap":{},"branchMap":{},"s":{"0":2},"f":{},"b":{},"_coverageSchema":"1a1c01bbd47fc00a2c39e90264f33305004495a9","hash":"79452d82e2b41316d2caa7a4e4b8d785bdc3b986"}
,"C:\\Users\\JEYASEELAN\\Desktop\\todo\\AnyTODO\\asserts\\images\\down.png": {"path":"C:\\Users\\JEYASEELAN\\Desktop\\todo\\AnyTODO\\asserts\\images\\down.png","statementMap":{"0":{"start":{"line":1,"column":0},"end":{"line":4,"column":6}}},"fnMap":{},"branchMap":{},"s":{"0":2},"f":{},"b":{},"_coverageSchema":"1a1c01bbd47fc00a2c39e90264f33305004495a9","hash":"5090cebdb9e5667e41e22d5d86a9113abe35be17"}
,"C:\\Users\\JEYASEELAN\\Desktop\\todo\\AnyTODO\\asserts\\images\\edit.png": {"path":"C:\\Users\\JEYASEELAN\\Desktop\\todo\\AnyTODO\\asserts\\images\\edit.png","statementMap":{"0":{"start":{"line":1,"column":0},"end":{"line":4,"column":6}}},"fnMap":{},"branchMap":{},"s":{"0":2},"f":{},"b":{},"_coverageSchema":"1a1c01bbd47fc00a2c39e90264f33305004495a9","hash":"a73ddad4b3b5dd2d3304676389ba7573f187413c"}
,"C:\\Users\\JEYASEELAN\\Desktop\\todo\\AnyTODO\\asserts\\images\\goback.png": {"path":"C:\\Users\\JEYASEELAN\\Desktop\\todo\\AnyTODO\\asserts\\images\\goback.png","statementMap":{"0":{"start":{"line":1,"column":0},"end":{"line":4,"column":6}}},"fnMap":{},"branchMap":{},"s":{"0":2},"f":{},"b":{},"_coverageSchema":"1a1c01bbd47fc00a2c39e90264f33305004495a9","hash":"50038e3827e3e17fd87e4ee88a695a0bdb4d6192"}
,"C:\\Users\\JEYASEELAN\\Desktop\\todo\\AnyTODO\\asserts\\images\\grocery.png": {"path":"C:\\Users\\JEYASEELAN\\Desktop\\todo\\AnyTODO\\asserts\\images\\grocery.png","statementMap":{"0":{"start":{"line":1,"column":0},"end":{"line":4,"column":6}}},"fnMap":{},"branchMap":{},"s":{"0":2},"f":{},"b":{},"_coverageSchema":"1a1c01bbd47fc00a2c39e90264f33305004495a9","hash":"ef6eee819bf87b8dec50eef2b3161cf8c0bbf18e"}
,"C:\\Users\\JEYASEELAN\\Desktop\\todo\\AnyTODO\\asserts\\images\\home.png": {"path":"C:\\Users\\JEYASEELAN\\Desktop\\todo\\AnyTODO\\asserts\\images\\home.png","statementMap":{"0":{"start":{"line":1,"column":0},"end":{"line":4,"column":6}}},"fnMap":{},"branchMap":{},"s":{"0":2},"f":{},"b":{},"_coverageSchema":"1a1c01bbd47fc00a2c39e90264f33305004495a9","hash":"2e4452c5aac9ccd1b4ffc54820180bbe4a8228a4"}
,"C:\\Users\\JEYASEELAN\\Desktop\\todo\\AnyTODO\\asserts\\images\\image01.png": {"path":"C:\\Users\\JEYASEELAN\\Desktop\\todo\\AnyTODO\\asserts\\images\\image01.png","statementMap":{"0":{"start":{"line":1,"column":0},"end":{"line":4,"column":6}}},"fnMap":{},"branchMap":{},"s":{"0":1},"f":{},"b":{},"_coverageSchema":"1a1c01bbd47fc00a2c39e90264f33305004495a9","hash":"39beee14edbe280e3f6082edd601a22004d075e3"}
,"C:\\Users\\JEYASEELAN\\Desktop\\todo\\AnyTODO\\asserts\\images\\plus.png": {"path":"C:\\Users\\JEYASEELAN\\Desktop\\todo\\AnyTODO\\asserts\\images\\plus.png","statementMap":{"0":{"start":{"line":1,"column":0},"end":{"line":4,"column":6}}},"fnMap":{},"branchMap":{},"s":{"0":2},"f":{},"b":{},"_coverageSchema":"1a1c01bbd47fc00a2c39e90264f33305004495a9","hash":"60c4ee99c8e52f7334fdcc5c68eca65869644015"}
,"C:\\Users\\JEYASEELAN\\Desktop\\todo\\AnyTODO\\asserts\\images\\rateHeadLogo.png": {"path":"C:\\Users\\JEYASEELAN\\Desktop\\todo\\AnyTODO\\asserts\\images\\rateHeadLogo.png","statementMap":{"0":{"start":{"line":1,"column":0},"end":{"line":4,"column":6}}},"fnMap":{},"branchMap":{},"s":{"0":2},"f":{},"b":{},"_coverageSchema":"1a1c01bbd47fc00a2c39e90264f33305004495a9","hash":"100ed36a1f7124d450c394c380e444df550c70ac"}
,"C:\\Users\\JEYASEELAN\\Desktop\\todo\\AnyTODO\\asserts\\images\\rated-star.png": {"path":"C:\\Users\\JEYASEELAN\\Desktop\\todo\\AnyTODO\\asserts\\images\\rated-star.png","statementMap":{"0":{"start":{"line":1,"column":0},"end":{"line":4,"column":6}}},"fnMap":{},"branchMap":{},"s":{"0":2},"f":{},"b":{},"_coverageSchema":"1a1c01bbd47fc00a2c39e90264f33305004495a9","hash":"4cdcc34887105df7000e1f55ef5f550962ab3759"}
,"C:\\Users\\JEYASEELAN\\Desktop\\todo\\AnyTODO\\asserts\\images\\repeat.png": {"path":"C:\\Users\\JEYASEELAN\\Desktop\\todo\\AnyTODO\\asserts\\images\\repeat.png","statementMap":{"0":{"start":{"line":1,"column":0},"end":{"line":4,"column":6}}},"fnMap":{},"branchMap":{},"s":{"0":2},"f":{},"b":{},"_coverageSchema":"1a1c01bbd47fc00a2c39e90264f33305004495a9","hash":"84435bf655ec36093f320e4035d5a0b985d80339"}
,"C:\\Users\\JEYASEELAN\\Desktop\\todo\\AnyTODO\\asserts\\images\\search.png": {"path":"C:\\Users\\JEYASEELAN\\Desktop\\todo\\AnyTODO\\asserts\\images\\search.png","statementMap":{"0":{"start":{"line":1,"column":0},"end":{"line":4,"column":6}}},"fnMap":{},"branchMap":{},"s":{"0":2},"f":{},"b":{},"_coverageSchema":"1a1c01bbd47fc00a2c39e90264f33305004495a9","hash":"33c0f190f6ce4383a1b1731627f1067a1d905c49"}
,"C:\\Users\\JEYASEELAN\\Desktop\\todo\\AnyTODO\\asserts\\images\\searchCloseLogo.png": {"path":"C:\\Users\\JEYASEELAN\\Desktop\\todo\\AnyTODO\\asserts\\images\\searchCloseLogo.png","statementMap":{"0":{"start":{"line":1,"column":0},"end":{"line":4,"column":6}}},"fnMap":{},"branchMap":{},"s":{"0":2},"f":{},"b":{},"_coverageSchema":"1a1c01bbd47fc00a2c39e90264f33305004495a9","hash":"c58afbae20ec152a4114f9ec166489d75d265468"}
,"C:\\Users\\JEYASEELAN\\Desktop\\todo\\AnyTODO\\asserts\\images\\searchLogo.png": {"path":"C:\\Users\\JEYASEELAN\\Desktop\\todo\\AnyTODO\\asserts\\images\\searchLogo.png","statementMap":{"0":{"start":{"line":1,"column":0},"end":{"line":4,"column":6}}},"fnMap":{},"branchMap":{},"s":{"0":2},"f":{},"b":{},"_coverageSchema":"1a1c01bbd47fc00a2c39e90264f33305004495a9","hash":"f4471648217ff1bbef156768fce14fde434608a2"}
,"C:\\Users\\JEYASEELAN\\Desktop\\todo\\AnyTODO\\asserts\\images\\selected.png": {"path":"C:\\Users\\JEYASEELAN\\Desktop\\todo\\AnyTODO\\asserts\\images\\selected.png","statementMap":{"0":{"start":{"line":1,"column":0},"end":{"line":4,"column":6}}},"fnMap":{},"branchMap":{},"s":{"0":2},"f":{},"b":{},"_coverageSchema":"1a1c01bbd47fc00a2c39e90264f33305004495a9","hash":"3f2d41e582645d4da65bc378a490d69cc509d971"}
,"C:\\Users\\JEYASEELAN\\Desktop\\todo\\AnyTODO\\asserts\\images\\univesiry.png": {"path":"C:\\Users\\JEYASEELAN\\Desktop\\todo\\AnyTODO\\asserts\\images\\univesiry.png","statementMap":{"0":{"start":{"line":1,"column":0},"end":{"line":4,"column":6}}},"fnMap":{},"branchMap":{},"s":{"0":2},"f":{},"b":{},"_coverageSchema":"1a1c01bbd47fc00a2c39e90264f33305004495a9","hash":"ea1cfeba7acf07ca260fb48fc09a462b55c615e4"}
,"C:\\Users\\JEYASEELAN\\Desktop\\todo\\AnyTODO\\asserts\\images\\unrated-star.png": {"path":"C:\\Users\\JEYASEELAN\\Desktop\\todo\\AnyTODO\\asserts\\images\\unrated-star.png","statementMap":{"0":{"start":{"line":1,"column":0},"end":{"line":4,"column":6}}},"fnMap":{},"branchMap":{},"s":{"0":2},"f":{},"b":{},"_coverageSchema":"1a1c01bbd47fc00a2c39e90264f33305004495a9","hash":"deb88d359ce3b5df7151fc19e3a3fd537ed8d3f6"}
,"C:\\Users\\JEYASEELAN\\Desktop\\todo\\AnyTODO\\asserts\\images\\water.png": {"path":"C:\\Users\\JEYASEELAN\\Desktop\\todo\\AnyTODO\\asserts\\images\\water.png","statementMap":{"0":{"start":{"line":1,"column":0},"end":{"line":4,"column":6}}},"fnMap":{},"branchMap":{},"s":{"0":2},"f":{},"b":{},"_coverageSchema":"1a1c01bbd47fc00a2c39e90264f33305004495a9","hash":"0b916c60a2c792b461c2729b96f64c5dcdcd2f6b"}
,"C:\\Users\\JEYASEELAN\\Desktop\\todo\\AnyTODO\\asserts\\images\\work.png": {"path":"C:\\Users\\JEYASEELAN\\Desktop\\todo\\AnyTODO\\asserts\\images\\work.png","statementMap":{"0":{"start":{"line":1,"column":0},"end":{"line":4,"column":6}}},"fnMap":{},"branchMap":{},"s":{"0":2},"f":{},"b":{},"_coverageSchema":"1a1c01bbd47fc00a2c39e90264f33305004495a9","hash":"9f812d97437f10778ca78a3b51535577f2f4c4d2"}
,"C:\\Users\\JEYASEELAN\\Desktop\\todo\\AnyTODO\\components\\AddYourTask.js": {"path":"C:\\Users\\JEYASEELAN\\Desktop\\todo\\AnyTODO\\components\\AddYourTask.js","statementMap":{"0":{"start":{"line":13,"column":20},"end":{"line":58,"column":1}},"1":{"start":{"line":14,"column":18},"end":{"line":14,"column":55}},"2":{"start":{"line":16,"column":12},"end":{"line":16,"column":100}},"3":{"start":{"line":18,"column":2},"end":{"line":27,"column":23}},"4":{"start":{"line":19,"column":4},"end":{"line":19,"column":37}},"5":{"start":{"line":19,"column":17},"end":{"line":19,"column":37}},"6":{"start":{"line":21,"column":4},"end":{"line":24,"column":15}},"7":{"start":{"line":29,"column":2},"end":{"line":42,"column":3}},"8":{"start":{"line":30,"column":4},"end":{"line":41,"column":6}},"9":{"start":{"line":35,"column":34},"end":{"line":35,"column":82}},"10":{"start":{"line":44,"column":2},"end":{"line":57,"column":4}},"11":{"start":{"line":62,"column":15},"end":{"line":108,"column":2}}},"fnMap":{"0":{"name":"(anonymous_0)","decl":{"start":{"line":13,"column":20},"end":{"line":13,"column":21}},"loc":{"start":{"line":13,"column":57},"end":{"line":58,"column":1}},"line":13},"1":{"name":"(anonymous_1)","decl":{"start":{"line":18,"column":18},"end":{"line":18,"column":19}},"loc":{"start":{"line":18,"column":24},"end":{"line":27,"column":3}},"line":18},"2":{"name":"(anonymous_2)","decl":{"start":{"line":35,"column":17},"end":{"line":35,"column":18}},"loc":{"start":{"line":35,"column":34},"end":{"line":35,"column":82}},"line":35}},"branchMap":{"0":{"loc":{"start":{"line":16,"column":12},"end":{"line":16,"column":100}},"type":"cond-expr","locations":[{"start":{"line":16,"column":51},"end":{"line":16,"column":72}},{"start":{"line":16,"column":75},"end":{"line":16,"column":100}}],"line":16},"1":{"loc":{"start":{"line":19,"column":4},"end":{"line":19,"column":37}},"type":"if","locations":[{"start":{"line":19,"column":4},"end":{"line":19,"column":37}},{"start":{},"end":{}}],"line":19},"2":{"loc":{"start":{"line":29,"column":2},"end":{"line":42,"column":3}},"type":"if","locations":[{"start":{"line":29,"column":2},"end":{"line":42,"column":3}},{"start":{},"end":{}}],"line":29},"3":{"loc":{"start":{"line":35,"column":56},"end":{"line":35,"column":81}},"type":"binary-expr","locations":[{"start":{"line":35,"column":56},"end":{"line":35,"column":63}},{"start":{"line":35,"column":67},"end":{"line":35,"column":81}}],"line":35},"4":{"loc":{"start":{"line":51,"column":10},"end":{"line":53,"column":29}},"type":"binary-expr","locations":[{"start":{"line":51,"column":10},"end":{"line":51,"column":46}},{"start":{"line":51,"column":50},"end":{"line":53,"column":29}}],"line":51}},"s":{"0":1,"1":3,"2":3,"3":3,"4":0,"5":0,"6":0,"7":3,"8":2,"9":0,"10":1,"11":1},"f":{"0":3,"1":0,"2":0},"b":{"0":[2,1],"1":[0,0],"2":[2,1],"3":[0,0],"4":[1,0]},"_coverageSchema":"1a1c01bbd47fc00a2c39e90264f33305004495a9","hash":"82f4c3e02162f826929237c1db391d5efd9c45cb"}
,"C:\\Users\\JEYASEELAN\\Desktop\\todo\\AnyTODO\\components\\Heading.js": {"path":"C:\\Users\\JEYASEELAN\\Desktop\\todo\\AnyTODO\\components\\Heading.js","statementMap":{"0":{"start":{"line":6,"column":16},"end":{"line":10,"column":1}},"1":{"start":{"line":7,"column":2},"end":{"line":9,"column":9}}},"fnMap":{"0":{"name":"(anonymous_0)","decl":{"start":{"line":6,"column":16},"end":{"line":6,"column":17}},"loc":{"start":{"line":7,"column":2},"end":{"line":9,"column":9}},"line":7}},"branchMap":{},"s":{"0":1,"1":1},"f":{"0":1},"b":{},"_coverageSchema":"1a1c01bbd47fc00a2c39e90264f33305004495a9","hash":"2a4ca971aec88ea1c48aafb4d8b088ae10d96987"}
,"C:\\Users\\JEYASEELAN\\Desktop\\todo\\AnyTODO\\components\\Heading.styles.js": {"path":"C:\\Users\\JEYASEELAN\\Desktop\\todo\\AnyTODO\\components\\Heading.styles.js","statementMap":{"0":{"start":{"line":11,"column":22},"end":{"line":22,"column":2}}},"fnMap":{},"branchMap":{},"s":{"0":1},"f":{},"b":{},"_coverageSchema":"1a1c01bbd47fc00a2c39e90264f33305004495a9","hash":"e7adc2b0cbaa96050595b06902ea3e3fc39ec48d"}
,"C:\\Users\\JEYASEELAN\\Desktop\\todo\\AnyTODO\\constants\\AsyncStorageKey.js": {"path":"C:\\Users\\JEYASEELAN\\Desktop\\todo\\AnyTODO\\constants\\AsyncStorageKey.js","statementMap":{"0":{"start":{"line":1,"column":23},"end":{"line":1,"column":46}},"1":{"start":{"line":2,"column":32},"end":{"line":2,"column":47}},"2":{"start":{"line":3,"column":25},"end":{"line":3,"column":55}},"3":{"start":{"line":4,"column":24},"end":{"line":4,"column":59}}},"fnMap":{},"branchMap":{},"s":{"0":2,"1":2,"2":2,"3":2},"f":{},"b":{},"_coverageSchema":"1a1c01bbd47fc00a2c39e90264f33305004495a9","hash":"dc8692a1774723c59bcb512de6c6c67ea3da9462"}
,"C:\\Users\\JEYASEELAN\\Desktop\\todo\\AnyTODO\\constants\\COLORS.js": {"path":"C:\\Users\\JEYASEELAN\\Desktop\\todo\\AnyTODO\\constants\\COLORS.js","statementMap":{"0":{"start":{"line":1,"column":22},"end":{"line":28,"column":1}}},"fnMap":{},"branchMap":{},"s":{"0":2},"f":{},"b":{},"_coverageSchema":"1a1c01bbd47fc00a2c39e90264f33305004495a9","hash":"501914f054b3f5e583155ba3ca0cf626a5920946"}
,"C:\\Users\\JEYASEELAN\\Desktop\\todo\\AnyTODO\\constants\\FONTS.js": {"path":"C:\\Users\\JEYASEELAN\\Desktop\\todo\\AnyTODO\\constants\\FONTS.js","statementMap":{"0":{"start":{"line":1,"column":21},"end":{"line":13,"column":1}}},"fnMap":{},"branchMap":{},"s":{"0":2},"f":{},"b":{},"_coverageSchema":"1a1c01bbd47fc00a2c39e90264f33305004495a9","hash":"41b03b0e1faf9498f9fd9396777b301977619a97"}
,"C:\\Users\\JEYASEELAN\\Desktop\\todo\\AnyTODO\\constants\\ROUTES.js": {"path":"C:\\Users\\JEYASEELAN\\Desktop\\todo\\AnyTODO\\constants\\ROUTES.js","statementMap":{"0":{"start":{"line":1,"column":22},"end":{"line":5,"column":1}}},"fnMap":{},"branchMap":{},"s":{"0":2},"f":{},"b":{},"_coverageSchema":"1a1c01bbd47fc00a2c39e90264f33305004495a9","hash":"a691562f6172493dbecb9d6448cbf33df510eddc"}
,"C:\\Users\\JEYASEELAN\\Desktop\\todo\\AnyTODO\\constants\\appUrl.js": {"path":"C:\\Users\\JEYASEELAN\\Desktop\\todo\\AnyTODO\\constants\\appUrl.js","statementMap":{"0":{"start":{"line":1,"column":22},"end":{"line":1,"column":98}}},"fnMap":{},"branchMap":{},"s":{"0":2},"f":{},"b":{},"_coverageSchema":"1a1c01bbd47fc00a2c39e90264f33305004495a9","hash":"e9da5f3905da0a9cfca5fcd829dfe8dcdc1ed431"}
,"C:\\Users\\JEYASEELAN\\Desktop\\todo\\AnyTODO\\constants\\asserts.js": {"path":"C:\\Users\\JEYASEELAN\\Desktop\\todo\\AnyTODO\\constants\\asserts.js","statementMap":{"0":{"start":{"line":32,"column":23},"end":{"line":62,"column":1}}},"fnMap":{},"branchMap":{},"s":{"0":2},"f":{},"b":{},"_coverageSchema":"1a1c01bbd47fc00a2c39e90264f33305004495a9","hash":"b8bde5bc36873a7666ba0f471b0145e6d91855ef"}
,"C:\\Users\\JEYASEELAN\\Desktop\\todo\\AnyTODO\\constants\\index.js": {"path":"C:\\Users\\JEYASEELAN\\Desktop\\todo\\AnyTODO\\constants\\index.js","statementMap":{"0":{"start":{"line":17,"column":19},"end":{"line":38,"column":1}},"1":{"start":{"line":40,"column":24},"end":{"line":46,"column":1}},"2":{"start":{"line":48,"column":16},"end":{"line":52,"column":1}},"3":{"start":{"line":54,"column":15},"end":{"line":58,"column":1}}},"fnMap":{},"branchMap":{},"s":{"0":2,"1":2,"2":2,"3":2},"f":{},"b":{},"_coverageSchema":"1a1c01bbd47fc00a2c39e90264f33305004495a9","hash":"d3ab5b80816569feff21b111ef8fcef9e262f373"}
,"C:\\Users\\JEYASEELAN\\Desktop\\todo\\AnyTODO\\constants\\localize.js": {"path":"C:\\Users\\JEYASEELAN\\Desktop\\todo\\AnyTODO\\constants\\localize.js","statementMap":{"0":{"start":{"line":1,"column":23},"end":{"line":52,"column":1}}},"fnMap":{},"branchMap":{},"s":{"0":2},"f":{},"b":{},"_coverageSchema":"1a1c01bbd47fc00a2c39e90264f33305004495a9","hash":"85ae0d151bcadd6e14ebb6843f453f4d40d41c48"}
}
